<?xml version="1.0" encoding="UTF-8"?>
<!-- Generated by org.testng.reporters.JUnitXMLReporter -->
<testsuite hostname="wsip-72-196-48-60.dc.dc.cox.net" ignored="0" name="TestNG-Test" tests="1" failures="1" timestamp="20 Apr 2017 01:33:44 GMT" time="3.096" errors="0">
  <testcase name="googleSearch" time="0.478" classname="testngselenium.GoogleSearchSelenium">
    <failure type="org.openqa.selenium.InvalidArgumentException" message="Expected [object Undefined] undefined to be a string
Build info: version: &amp;apos;3.3.1&amp;apos;, revision: &amp;apos;5234b325d5&amp;apos;, time: &amp;apos;2017-03-10 09:10:29 +0000&amp;apos;
System info: host: &amp;apos;wsip-72-196-48-60.dc.dc.cox.net&amp;apos;, ip: &amp;apos;fe80:0:0:0:1caa:1d5c:7088:ddea%en0&amp;apos;, os.name: &amp;apos;Mac OS X&amp;apos;, os.arch: &amp;apos;x86_64&amp;apos;, os.version: &amp;apos;10.12.4&amp;apos;, java.version: &amp;apos;1.8.0_101&amp;apos;
Driver info: org.openqa.selenium.firefox.FirefoxDriver
Capabilities [{moz:profile=/var/folders/wq/7lhc2zgd5d1bxyjwscz6kv100000gp/T/rust_mozprofile.1eppFnbNVHqr, rotatable=false, timeouts={implicit=0, pageLoad=300000, script=30000}, pageLoadStrategy=normal, platform=ANY, specificationLevel=0, moz:accessibilityChecks=false, acceptInsecureCerts=false, browserVersion=53.0, platformVersion=16.5.0, moz:processID=3414, browserName=firefox, platformName=darwin}]
Session ID: 483b6065-3a0a-8942-82d9-d24f7dfac69b">
      <![CDATA[org.openqa.selenium.InvalidArgumentException: Expected [object Undefined] undefined to be a string
Build info: version: '3.3.1', revision: '5234b325d5', time: '2017-03-10 09:10:29 +0000'
System info: host: 'wsip-72-196-48-60.dc.dc.cox.net', ip: 'fe80:0:0:0:1caa:1d5c:7088:ddea%en0', os.name: 'Mac OS X', os.arch: 'x86_64', os.version: '10.12.4', java.version: '1.8.0_101'
Driver info: org.openqa.selenium.firefox.FirefoxDriver
Capabilities [{moz:profile=/var/folders/wq/7lhc2zgd5d1bxyjwscz6kv100000gp/T/rust_mozprofile.1eppFnbNVHqr, rotatable=false, timeouts={implicit=0, pageLoad=300000, script=30000}, pageLoadStrategy=normal, platform=ANY, specificationLevel=0, moz:accessibilityChecks=false, acceptInsecureCerts=false, browserVersion=53.0, platformVersion=16.5.0, moz:processID=3414, browserName=firefox, platformName=darwin}]
Session ID: 483b6065-3a0a-8942-82d9-d24f7dfac69b
	at org.openqa.selenium.remote.http.W3CHttpResponseCodec.createException(W3CHttpResponseCodec.java:133)
	at org.openqa.selenium.remote.http.W3CHttpResponseCodec.decode(W3CHttpResponseCodec.java:99)
	at org.openqa.selenium.remote.http.W3CHttpResponseCodec.decode(W3CHttpResponseCodec.java:43)
	at org.openqa.selenium.remote.HttpCommandExecutor.execute(HttpCommandExecutor.java:163)
	at org.openqa.selenium.remote.service.DriverCommandExecutor.execute(DriverCommandExecutor.java:82)
	at org.openqa.selenium.remote.RemoteWebDriver.execute(RemoteWebDriver.java:604)
	at org.openqa.selenium.remote.RemoteWebElement.execute(RemoteWebElement.java:274)
	at org.openqa.selenium.remote.RemoteWebElement.sendKeys(RemoteWebElement.java:98)
	at testngselenium.GoogleSearchSelenium.googleSearch(GoogleSearchSelenium.java:44)
... Removed 29 stack frames]]>
    </failure>
  </testcase> <!-- googleSearch -->
</testsuite> <!-- TestNG-Test -->
