<?xml version="1.0" encoding="UTF-8"?>
<!-- Generated by org.testng.reporters.JUnitXMLReporter -->
<testsuite hostname="Murodils-MacBook-Pro-2.local" ignored="0" name="TestNG- Firefox Test" tests="2" failures="0" timestamp="20 Apr 2017 02:10:59 GMT" time="6.79" errors="0">
  <testcase name="googleSearch" time="3.382" classname="testngselenium.GoogleSearchSelenium"/>
  <testcase name="googleSearch" time="3.619" classname="testngselenium2.GoogleSearchSelenium2"/>
</testsuite> <!-- TestNG- Firefox Test -->
